<?xml version="1.0" encoding="UTF-8"?>
<testsuite xmlns:xsi="http://www.w3.org/2001/XMLSchema-instance" xsi:noNamespaceSchemaLocation="https://maven.apache.org/surefire/maven-surefire-plugin/xsd/surefire-test-report-3.0.xsd" version="3.0" name="pl.programautomatycy.cart.service.test.MockServerTest" time="5.272" tests="2" errors="0" skipped="0" failures="0">
  <properties>
[...]
</properties>
  <testcase name="mockitoTest" classname="pl.programautomatycy.cart.service.test.MockServerTest" time="2.205">
    <system-out><![CDATA[true
Execute runTest1 - ImportantTest
Started :true
Port :1080
Hello, world!
200
{"name": "Arek","age": 35}
200
Name:Arek
Age:35
]]></system-out>
    <system-err><![CDATA[SLF4J: Failed to load class "org.slf4j.impl.StaticLoggerBinder".
SLF4J: Defaulting to no-operation (NOP) logger implementation
SLF4J: See http://www.slf4j.org/codes.html#StaticLoggerBinder for further details.
Loading JavaScript to validate ECMA262 regular expression in JsonSchema because java.util.regex package in Java does not match ECMA262
]]></system-err>
  </testcase>
  <testcase name="runTest3" classname="pl.programautomatycy.cart.service.test.MockServerTest" time="0.001">
    <system-out><![CDATA[Execute runTest3 - ImportantTest
]]></system-out>
  </testcase>
</testsuite>